<?xml version="1.0" encoding="UTF-8"?>
<!-- Generated by org.testng.reporters.JUnitReportReporter -->
<testsuite hostname="192.168.1.3" failures="0" tests="1" name="Tests.t1" time="39.817" errors="0" timestamp="2022-10-12T16:36:06 EET" skipped="1">
  <testcase classname="Tests.t1" name="TestCaseTwo" time="39.817">
    <skipped/>
  </testcase> <!-- TestCaseTwo -->
  <system-out/>
</testsuite> <!-- Tests.t1 -->
